14:56:26.713 [main] INFO  testCases.TC001_AccountRegistrationTest - **** Starting TC001_AccountRegistrationTest ****
14:56:27.015 [main] INFO  testCases.TC001_AccountRegistrationTest - Clicked on MyAccount Link..
14:56:28.505 [main] INFO  testCases.TC001_AccountRegistrationTest - Clicked on Register Link..
14:56:28.510 [main] INFO  testCases.TC001_AccountRegistrationTest - Entering Customer Details....
14:56:30.177 [main] INFO  testCases.TC001_AccountRegistrationTest - Validating expected message..
14:56:30.202 [main] INFO  testCases.TC001_AccountRegistrationTest - **** TC001_AccountRegistrationTest Completed.....
14:56:40.617 [main] INFO  testCases.TC002_LoginTest - ....Starting TC002 Login Test....
14:56:41.433 [main] INFO  testCases.TC002_LoginTest - ....Entering  Email & Password....
14:56:41.518 [main] INFO  testCases.TC002_LoginTest - ....Clicked Login Button....
14:56:42.858 [main] INFO  testCases.TC002_LoginTest - ....Finished TC002 Login Test....
15:06:25.850 [main] DEBUG org.testng.TestNG - suiteXmlPath: "C:\Users\Aniket\eclipse-workspace\opencart\grid-docker.xml"
15:06:26.170 [main] INFO  org.testng.internal.Utils - [TestNG] Running:
  C:\Users\Aniket\eclipse-workspace\opencart\grid-docker.xml

15:06:26.438 [main] INFO  testCases.TC001_AccountRegistrationTest - **** Starting TC001_AccountRegistrationTest ****
15:10:17.905 [main] DEBUG org.testng.TestNG - suiteXmlPath: "C:\Users\Aniket\eclipse-workspace\opencart\grid-docker.xml"
15:10:18.255 [main] INFO  org.testng.internal.Utils - [TestNG] Running:
  C:\Users\Aniket\eclipse-workspace\opencart\grid-docker.xml

15:10:28.513 [main] INFO  testCases.TC001_AccountRegistrationTest - **** Starting TC001_AccountRegistrationTest ****
15:10:28.821 [main] INFO  testCases.TC001_AccountRegistrationTest - Clicked on MyAccount Link..
15:10:30.091 [main] INFO  testCases.TC001_AccountRegistrationTest - Clicked on Register Link..
15:10:30.099 [main] INFO  testCases.TC001_AccountRegistrationTest - Entering Customer Details....
15:10:32.015 [main] INFO  testCases.TC001_AccountRegistrationTest - Validating expected message..
15:10:32.043 [main] INFO  testCases.TC001_AccountRegistrationTest - **** TC001_AccountRegistrationTest Completed.....
15:10:45.718 [main] INFO  testCases.TC002_LoginTest - ....Starting TC002 Login Test....
15:10:46.463 [main] INFO  testCases.TC002_LoginTest - ....Entering  Email & Password....
15:10:46.581 [main] INFO  testCases.TC002_LoginTest - ....Clicked Login Button....
15:10:47.535 [main] INFO  testCases.TC002_LoginTest - ....Finished TC002 Login Test....
15:54:34.193 [main] DEBUG org.testng.TestNG - suiteXmlPath: "C:\Users\Aniket\eclipse-workspace\opencart\grid-docker.xml"
15:54:34.503 [main] INFO  org.testng.internal.Utils - [TestNG] Running:
  C:\Users\Aniket\eclipse-workspace\opencart\grid-docker.xml

15:54:41.368 [main] INFO  testCases.TC001_AccountRegistrationTest - **** Starting TC001_AccountRegistrationTest ****
15:54:41.683 [main] INFO  testCases.TC001_AccountRegistrationTest - Clicked on MyAccount Link..
15:54:42.343 [main] INFO  testCases.TC001_AccountRegistrationTest - Clicked on Register Link..
15:54:42.347 [main] INFO  testCases.TC001_AccountRegistrationTest - Entering Customer Details....
15:54:43.714 [main] INFO  testCases.TC001_AccountRegistrationTest - Validating expected message..
15:54:43.766 [main] INFO  testCases.TC001_AccountRegistrationTest - **** TC001_AccountRegistrationTest Completed.....
15:54:48.873 [main] INFO  testCases.TC002_LoginTest - ....Starting TC002 Login Test....
15:54:49.475 [main] INFO  testCases.TC002_LoginTest - ....Entering  Email & Password....
15:54:49.599 [main] INFO  testCases.TC002_LoginTest - ....Clicked Login Button....
15:54:50.370 [main] INFO  testCases.TC002_LoginTest - ....Finished TC002 Login Test....
16:17:35.194 [main] DEBUG org.testng.TestNG - suiteXmlPath: "C:\Users\Aniket\eclipse-workspace\opencart\master.xml"
16:17:46.215 [main] INFO  testCases.TC001_AccountRegistrationTest - **** Starting TC001_AccountRegistrationTest ****
16:17:46.376 [main] INFO  testCases.TC001_AccountRegistrationTest - Clicked on MyAccount Link..
16:17:48.620 [main] INFO  testCases.TC001_AccountRegistrationTest - Clicked on Register Link..
16:17:48.624 [main] INFO  testCases.TC001_AccountRegistrationTest - Entering Customer Details....
16:17:50.457 [main] INFO  testCases.TC001_AccountRegistrationTest - Validating expected message..
16:17:50.496 [main] INFO  testCases.TC001_AccountRegistrationTest - **** TC001_AccountRegistrationTest Completed.....
16:17:57.572 [main] INFO  testCases.TC002_LoginTest - ....Starting TC002 Login Test....
16:17:58.344 [main] INFO  testCases.TC002_LoginTest - ....Entering  Email & Password....
16:17:58.627 [main] INFO  testCases.TC002_LoginTest - ....Clicked Login Button....
16:17:59.678 [main] INFO  testCases.TC002_LoginTest - ....Finished TC002 Login Test....
16:28:27.315 [main] DEBUG org.testng.TestNG - suiteXmlPath: "C:\Users\Aniket\eclipse-workspace\opencart\master.xml"
