suiteXmlPath: "C:\Users\Aniket\AppData\Local\Temp\testng-eclipse-1054609418\testng-customsuite.xml"
[Utils] MethodGroupsHelper.collectMethodsByGroup() took 1 ms.
[Utils] MethodGroupsHelper.sortMethods() took 1 ms.
[Utils] MethodGroupsHelper.collectMethodsByGroup() took 0 ms.
[Utils] MethodGroupsHelper.sortMethods() took 0 ms.
[Utils] MethodGroupsHelper.collectMethodsByGroup() took 0 ms.
[Utils] MethodGroupsHelper.sortMethods() took 0 ms.
[Utils] MethodGroupsHelper.collectMethodsByGroup() took 0 ms.
[Utils] MethodGroupsHelper.sortMethods() took 0 ms.
[Utils] MethodGroupsHelper.collectMethodsByGroup() took 5 ms.
[Utils] MethodGroupsHelper.sortMethods() took 7 ms.
[Utils] MethodGroupsHelper.collectMethodsByGroup() took 0 ms.
[Utils] MethodGroupsHelper.sortMethods() took 1 ms.
[Utils] MethodGroupsHelper.collectMethodsByGroup() took 0 ms.
[Utils] MethodGroupsHelper.sortMethods() took 0 ms.
[Utils] MethodGroupsHelper.collectMethodsByGroup() took 0 ms.
[Utils] MethodGroupsHelper.sortMethods() took 0 ms.
[Utils] MethodGroupsHelper.collectMethodsByGroup() took 0 ms.
[Utils] MethodGroupsHelper.sortMethods() took 0 ms.
[Utils] MethodGroupsHelper.collectMethodsByGroup() took 0 ms.
[Utils] MethodGroupsHelper.sortMethods() took 0 ms.
[Utils] MethodGroupsHelper.collectMethodsByGroup() took 0 ms.
[Utils] MethodGroupsHelper.sortMethods() took 0 ms.
[Utils] MethodGroupsHelper.collectMethodsByGroup() took 0 ms.
[Utils] MethodGroupsHelper.sortMethods() took 0 ms.
[Utils] MethodGroupsHelper.collectMethodsByGroup() took 1 ms.
[Utils] MethodGroupsHelper.sortMethods() took 0 ms.
[Utils] MethodGroupsHelper.collectMethodsByGroup() took 0 ms.
[Utils] MethodGroupsHelper.sortMethods() took 0 ms.
[Utils] MethodGroupsHelper.collectMethodsByGroup() took 0 ms.
[Utils] MethodGroupsHelper.sortMethods() took 0 ms.
[TestNG] Running:
  C:\Users\Aniket\AppData\Local\Temp\testng-eclipse-1054609418\testng-customsuite.xml

[Utils] DynamicGraphHelper.createDynamicGraph() took 4 ms.
[TestNG] Time taken by org.testng.reporters.jq.Main@43ed0ff3: 190 ms
[TestNG] Time taken by org.testng.reporters.FailedReporter@551a20d6: 40 ms
[TestNG] Time taken by org.testng.reporters.XMLReporter@3f093abe: 15 ms
[TestNG] Time taken by org.testng.reporters.EmailableReporter2@67427b69: 289 ms
[TestNG] Time taken by org.testng.reporters.JUnitReportReporter@1b822fcc: 29 ms
[TestNG] Time taken by org.testng.internal.ExitCodeListener@24a1c17f: 0 ms
suiteXmlPath: "C:\Users\Aniket\AppData\Local\Temp\testng-eclipse-74808856\testng-customsuite.xml"
[Utils] MethodGroupsHelper.collectMethodsByGroup() took 0 ms.
[Utils] MethodGroupsHelper.sortMethods() took 2 ms.
[Utils] MethodGroupsHelper.collectMethodsByGroup() took 0 ms.
[Utils] MethodGroupsHelper.sortMethods() took 0 ms.
[Utils] MethodGroupsHelper.collectMethodsByGroup() took 0 ms.
[Utils] MethodGroupsHelper.sortMethods() took 0 ms.
[Utils] MethodGroupsHelper.collectMethodsByGroup() took 0 ms.
[Utils] MethodGroupsHelper.sortMethods() took 0 ms.
[Utils] MethodGroupsHelper.collectMethodsByGroup() took 4 ms.
[Utils] MethodGroupsHelper.sortMethods() took 8 ms.
[Utils] MethodGroupsHelper.collectMethodsByGroup() took 0 ms.
[Utils] MethodGroupsHelper.sortMethods() took 0 ms.
[Utils] MethodGroupsHelper.collectMethodsByGroup() took 0 ms.
[Utils] MethodGroupsHelper.sortMethods() took 0 ms.
[Utils] MethodGroupsHelper.collectMethodsByGroup() took 0 ms.
[Utils] MethodGroupsHelper.sortMethods() took 0 ms.
[Utils] MethodGroupsHelper.collectMethodsByGroup() took 0 ms.
[Utils] MethodGroupsHelper.sortMethods() took 0 ms.
[Utils] MethodGroupsHelper.collectMethodsByGroup() took 0 ms.
[Utils] MethodGroupsHelper.sortMethods() took 0 ms.
[Utils] MethodGroupsHelper.collectMethodsByGroup() took 0 ms.
[Utils] MethodGroupsHelper.sortMethods() took 0 ms.
[Utils] MethodGroupsHelper.collectMethodsByGroup() took 0 ms.
[Utils] MethodGroupsHelper.sortMethods() took 0 ms.
[Utils] MethodGroupsHelper.collectMethodsByGroup() took 1 ms.
[Utils] MethodGroupsHelper.sortMethods() took 0 ms.
[Utils] MethodGroupsHelper.collectMethodsByGroup() took 0 ms.
[Utils] MethodGroupsHelper.sortMethods() took 0 ms.
[Utils] MethodGroupsHelper.collectMethodsByGroup() took 0 ms.
[Utils] MethodGroupsHelper.sortMethods() took 0 ms.
[TestNG] Running:
  C:\Users\Aniket\AppData\Local\Temp\testng-eclipse-74808856\testng-customsuite.xml

[Utils] DynamicGraphHelper.createDynamicGraph() took 2 ms.
[TestNG] Time taken by org.testng.reporters.jq.Main@4e4efc1b: 184 ms
[TestNG] Time taken by org.testng.reporters.FailedReporter@5c1bd44c: 36 ms
[TestNG] Time taken by org.testng.reporters.XMLReporter@5cc5b667: 14 ms
[TestNG] Time taken by org.testng.reporters.EmailableReporter2@1ac85b0c: 14 ms
[TestNG] Time taken by org.testng.reporters.JUnitReportReporter@16fb356: 21 ms
[TestNG] Time taken by org.testng.internal.ExitCodeListener@6bc248ed: 0 ms
suiteXmlPath: "C:\Users\Aniket\eclipse-workspace\opencart\master.xml"
[TestNG] Running:
  C:\Users\Aniket\eclipse-workspace\opencart\master.xml

