16:28:37.621 [main] INFO  testCases.TC001_AccountRegistrationTest - **** Starting TC001_AccountRegistrationTest ****
16:28:37.748 [main] INFO  testCases.TC001_AccountRegistrationTest - Clicked on MyAccount Link..
16:28:39.934 [main] INFO  testCases.TC001_AccountRegistrationTest - Clicked on Register Link..
16:28:39.938 [main] INFO  testCases.TC001_AccountRegistrationTest - Entering Customer Details....
16:28:41.832 [main] INFO  testCases.TC001_AccountRegistrationTest - Validating expected message..
16:28:41.881 [main] INFO  testCases.TC001_AccountRegistrationTest - **** TC001_AccountRegistrationTest Completed.....
16:28:50.064 [main] INFO  testCases.TC002_LoginTest - ....Starting TC002 Login Test....
16:28:50.869 [main] INFO  testCases.TC002_LoginTest - ....Entering  Email & Password....
16:28:51.181 [main] INFO  testCases.TC002_LoginTest - ....Clicked Login Button....
16:28:52.526 [main] INFO  testCases.TC002_LoginTest - ....Finished TC002 Login Test....
17:40:41.350 [main] DEBUG org.testng.TestNG - suiteXmlPath: "C:\Users\Aniket\eclipse-workspace\opencart\master.xml"
17:40:41.640 [main] INFO  org.testng.internal.Utils - [TestNG] Running:
  C:\Users\Aniket\eclipse-workspace\opencart\master.xml

17:40:51.821 [main] INFO  testCases.TC001_AccountRegistrationTest - **** Starting TC001_AccountRegistrationTest ****
17:40:51.967 [main] INFO  testCases.TC001_AccountRegistrationTest - Clicked on MyAccount Link..
17:40:54.162 [main] INFO  testCases.TC001_AccountRegistrationTest - Clicked on Register Link..
17:40:54.167 [main] INFO  testCases.TC001_AccountRegistrationTest - Entering Customer Details....
17:40:56.161 [main] INFO  testCases.TC001_AccountRegistrationTest - Validating expected message..
17:40:56.210 [main] INFO  testCases.TC001_AccountRegistrationTest - **** TC001_AccountRegistrationTest Completed.....
17:41:04.928 [main] INFO  testCases.TC002_LoginTest - ....Starting TC002 Login Test....
17:41:05.594 [main] INFO  testCases.TC002_LoginTest - ....Entering  Email & Password....
17:41:05.936 [main] INFO  testCases.TC002_LoginTest - ....Clicked Login Button....
17:41:06.977 [main] INFO  testCases.TC002_LoginTest - ....Finished TC002 Login Test....
17:49:20.148 [main] DEBUG org.testng.TestNG - suiteXmlPath: "C:\Users\Aniket\eclipse-workspace\opencart\master.xml"
17:49:20.440 [main] INFO  org.testng.internal.Utils - [TestNG] Running:
  C:\Users\Aniket\eclipse-workspace\opencart\master.xml

17:49:29.596 [main] INFO  testCases.TC001_AccountRegistrationTest - **** Starting TC001_AccountRegistrationTest ****
17:49:29.708 [main] INFO  testCases.TC001_AccountRegistrationTest - Clicked on MyAccount Link..
17:49:32.382 [main] INFO  testCases.TC001_AccountRegistrationTest - Clicked on Register Link..
17:49:32.386 [main] INFO  testCases.TC001_AccountRegistrationTest - Entering Customer Details....
17:49:34.261 [main] INFO  testCases.TC001_AccountRegistrationTest - Validating expected message..
17:49:34.305 [main] INFO  testCases.TC001_AccountRegistrationTest - **** TC001_AccountRegistrationTest Completed.....
17:49:39.954 [main] INFO  testCases.TC002_LoginTest - ....Starting TC002 Login Test....
17:49:40.820 [main] INFO  testCases.TC002_LoginTest - ....Entering  Email & Password....
17:49:41.131 [main] INFO  testCases.TC002_LoginTest - ....Clicked Login Button....
17:49:42.205 [main] INFO  testCases.TC002_LoginTest - ....Finished TC002 Login Test....
